src/components/ClassAiReportCard.tsx(2,16): error TS2305: Module '"antd"' has no exported member 'Button'.
src/components/ClassAiReportCard.tsx(2,24): error TS2305: Module '"antd"' has no exported member 'Spin'.
src/components/ClassAiReportCard.tsx(2,30): error TS2305: Module '"antd"' has no exported member 'Typography'.
src/components/ClassAiReportCard.tsx(2,42): error TS2305: Module '"antd"' has no exported member 'Empty'.
src/components/ClassAiReportCard.tsx(2,49): error TS2305: Module '"antd"' has no exported member 'Space'.
src/components/ClassAiReportCard.tsx(2,56): error TS2305: Module '"antd"' has no exported member 'Tag'.
src/components/ClassAiReportCard.tsx(2,61): error TS2305: Module '"antd"' has no exported member 'Alert'.
src/components/ClassAiReportCard.tsx(64,13): error TS2769: No overload matches this call.
  Overload 1 of 2, '(props: CardProps, context?: any): string | number | bigint | boolean | ReactElement<unknown, string | JSXElementConstructor<any>> | Iterable<...> | Promise<...> | Component<...>', gave the following error.
    Type '{ children: Element; title: Element; extra: Element; className: string; style: { height: string; minHeight: number; }; bodyStyle: { padding: string; }; }' is not assignable to type 'IntrinsicAttributes & CardProps'.
      Property 'extra' does not exist on type 'IntrinsicAttributes & CardProps'.
  Overload 2 of 2, '(props: CardProps): string | number | bigint | boolean | ReactElement<unknown, string | JSXElementConstructor<any>> | Iterable<ReactNode> | Promise<...> | Component<...>', gave the following error.
    Type '{ children: Element; title: Element; extra: Element; className: string; style: { height: string; minHeight: number; }; bodyStyle: { padding: string; }; }' is not assignable to type 'IntrinsicAttributes & CardProps'.
      Property 'extra' does not exist on type 'IntrinsicAttributes & CardProps'.
src/components/ErrorHandler/index.tsx(2,18): error TS2305: Module '"antd"' has no exported member 'Button'.
src/components/ErrorHandler/index.tsx(2,26): error TS2305: Module '"antd"' has no exported member 'Alert'.
src/components/ErrorHandler/index.tsx(2,33): error TS2305: Module '"antd"' has no exported member 'Space'.
src/components/ErrorHandler/NetworkErrorHandler.tsx(2,10): error TS2305: Module '"antd"' has no exported member 'Button'.
src/components/ErrorHandler/NetworkErrorHandler.tsx(2,18): error TS2305: Module '"antd"' has no exported member 'Space'.
src/components/ErrorHandler/NetworkErrorHandler.tsx(2,25): error TS2305: Module '"antd"' has no exported member 'Typography'.
src/components/ExamQualityCard.tsx(2,16): error TS2305: Module '"antd"' has no exported member 'Table'.
src/components/ExamQualityCard.tsx(2,23): error TS2305: Module '"antd"' has no exported member 'Tag'.
src/components/ExamQualityCard.tsx(2,28): error TS2305: Module '"antd"' has no exported member 'Tooltip'.
src/components/ExamQualityCard.tsx(2,37): error TS2305: Module '"antd"' has no exported member 'Spin'.
src/components/ExamQualityCard.tsx(2,43): error TS2305: Module '"antd"' has no exported member 'Empty'.
src/components/Feedback/FeedbackExample.tsx(7,10): error TS2305: Module '"antd"' has no exported member 'Button'.
src/components/Feedback/FeedbackExample.tsx(7,18): error TS2305: Module '"antd"' has no exported member 'Space'.
src/components/Feedback/index.tsx(2,10): error TS2305: Module '"antd"' has no exported member 'message'.
src/components/Feedback/index.tsx(2,19): error TS2305: Module '"antd"' has no exported member 'notification'.
src/components/Feedback/index.tsx(2,33): error TS2305: Module '"antd"' has no exported member 'Modal'.
src/components/FilterBar.tsx(1,16): error TS2305: Module '"antd"' has no exported member 'Row'.
src/components/FilterBar.tsx(1,21): error TS2305: Module '"antd"' has no exported member 'Col'.
src/components/FilterBar.tsx(52,25): error TS2769: No overload matches this call.
  Overload 1 of 2, '(props: SelectProps, context?: any): string | number | bigint | boolean | ReactElement<unknown, string | JSXElementConstructor<any>> | Iterable<...> | Promise<...> | Component<...>', gave the following error.
    Type '{ children: Element[]; value: string; onChange: (id: string) => void; style: { width: string; }; placeholder: string; disabled: boolean; }' is not assignable to type 'IntrinsicAttributes & SelectProps'.
      Property 'disabled' does not exist on type 'IntrinsicAttributes & SelectProps'.
  Overload 2 of 2, '(props: SelectProps): string | number | bigint | boolean | ReactElement<unknown, string | JSXElementConstructor<any>> | Iterable<...> | Promise<...> | Component<...>', gave the following error.
    Type '{ children: Element[]; value: string; onChange: (id: string) => void; style: { width: string; }; placeholder: string; disabled: boolean; }' is not assignable to type 'IntrinsicAttributes & SelectProps'.
      Property 'disabled' does not exist on type 'IntrinsicAttributes & SelectProps'.
src/components/FilterBar.tsx(68,25): error TS2769: No overload matches this call.
  Overload 1 of 2, '(props: SelectProps, context?: any): string | number | bigint | boolean | ReactElement<unknown, string | JSXElementConstructor<any>> | Iterable<...> | Promise<...> | Component<...>', gave the following error.
    Type '{ children: Element[]; value: string; onChange: (id: string) => void; style: { width: string; }; placeholder: string; disabled: boolean; allowClear: true; }' is not assignable to type 'IntrinsicAttributes & SelectProps'.
      Property 'disabled' does not exist on type 'IntrinsicAttributes & SelectProps'.
  Overload 2 of 2, '(props: SelectProps): string | number | bigint | boolean | ReactElement<unknown, string | JSXElementConstructor<any>> | Iterable<...> | Promise<...> | Component<...>', gave the following error.
    Type '{ children: Element[]; value: string; onChange: (id: string) => void; style: { width: string; }; placeholder: string; disabled: boolean; allowClear: true; }' is not assignable to type 'IntrinsicAttributes & SelectProps'.
      Property 'disabled' does not exist on type 'IntrinsicAttributes & SelectProps'.
src/components/HeatmapChart.tsx(1,16): error TS2305: Module '"antd"' has no exported member 'Tooltip'.
src/components/HeatmapChart.tsx(1,25): error TS2305: Module '"antd"' has no exported member 'Button'.
src/components/HeatmapChart.tsx(1,33): error TS2305: Module '"antd"' has no exported member 'message'.
src/components/HeatmapChart.tsx(86,13): error TS2769: No overload matches this call.
  Overload 1 of 2, '(props: CardProps, context?: any): string | number | bigint | boolean | ReactElement<unknown, string | JSXElementConstructor<any>> | Iterable<...> | Promise<...> | Component<...>', gave the following error.
    Type '{ children: Element[]; title: string; bordered: false; extra: Element; }' is not assignable to type 'IntrinsicAttributes & CardProps'.
      Property 'extra' does not exist on type 'IntrinsicAttributes & CardProps'.
  Overload 2 of 2, '(props: CardProps): string | number | bigint | boolean | ReactElement<unknown, string | JSXElementConstructor<any>> | Iterable<ReactNode> | Promise<...> | Component<...>', gave the following error.
    Type '{ children: Element[]; title: string; bordered: false; extra: Element; }' is not assignable to type 'IntrinsicAttributes & CardProps'.
      Property 'extra' does not exist on type 'IntrinsicAttributes & CardProps'.
src/components/Loading.tsx(2,10): error TS2305: Module '"antd"' has no exported member 'Spin'.
src/components/Loading.tsx(33,9): error TS2322: Type '{ children: ReactNode; loading: boolean; size: "small" | "default" | "large"; type?: "form" | "list" | "page" | "table" | "card" | "chart" | "profile" | "custom"; active?: boolean; rows?: number; }' is not assignable to type 'IntrinsicAttributes & SkeletonLoadingProps'.
  Property 'size' does not exist on type 'IntrinsicAttributes & SkeletonLoadingProps'.
src/components/Loading/SkeletonLoading.test.tsx(1,18): error TS2305: Module '"@testing-library/react"' has no exported member 'screen'.
src/components/Loading/SkeletonLoading.test.tsx(4,1): error TS2593: Cannot find name 'describe'. Do you need to install type definitions for a test runner? Try `npm i --save-dev @types/jest` or `npm i --save-dev @types/mocha` and then add 'jest' or 'mocha' to the types field in your tsconfig.
src/components/Loading/SkeletonLoading.test.tsx(5,3): error TS2593: Cannot find name 'it'. Do you need to install type definitions for a test runner? Try `npm i --save-dev @types/jest` or `npm i --save-dev @types/mocha` and then add 'jest' or 'mocha' to the types field in your tsconfig.
src/components/Loading/SkeletonLoading.test.tsx(12,5): error TS2304: Cannot find name 'expect'.
src/components/Loading/SkeletonLoading.test.tsx(15,3): error TS2593: Cannot find name 'it'. Do you need to install type definitions for a test runner? Try `npm i --save-dev @types/jest` or `npm i --save-dev @types/mocha` and then add 'jest' or 'mocha' to the types field in your tsconfig.
src/components/Loading/SkeletonLoading.test.tsx(19,5): error TS2304: Cannot find name 'expect'.
src/components/Loading/SkeletonLoading.test.tsx(21,5): error TS2304: Cannot find name 'expect'.
src/components/Loading/SkeletonLoading.test.tsx(24,3): error TS2593: Cannot find name 'it'. Do you need to install type definitions for a test runner? Try `npm i --save-dev @types/jest` or `npm i --save-dev @types/mocha` and then add 'jest' or 'mocha' to the types field in your tsconfig.
src/components/Loading/SkeletonLoading.test.tsx(27,5): error TS2304: Cannot find name 'expect'.
src/components/Loading/SkeletonLoading.test.tsx(28,5): error TS2304: Cannot find name 'expect'.
src/components/Loading/SkeletonLoading.test.tsx(31,3): error TS2593: Cannot find name 'it'. Do you need to install type definitions for a test runner? Try `npm i --save-dev @types/jest` or `npm i --save-dev @types/mocha` and then add 'jest' or 'mocha' to the types field in your tsconfig.
src/components/Loading/SkeletonLoading.test.tsx(34,5): error TS2304: Cannot find name 'expect'.
src/components/Loading/SkeletonLoading.test.tsx(35,5): error TS2304: Cannot find name 'expect'.
src/components/Loading/SkeletonLoading.test.tsx(38,3): error TS2593: Cannot find name 'it'. Do you need to install type definitions for a test runner? Try `npm i --save-dev @types/jest` or `npm i --save-dev @types/mocha` and then add 'jest' or 'mocha' to the types field in your tsconfig.
src/components/Loading/SkeletonLoading.test.tsx(41,5): error TS2304: Cannot find name 'expect'.
src/components/Loading/SkeletonLoading.test.tsx(44,3): error TS2593: Cannot find name 'it'. Do you need to install type definitions for a test runner? Try `npm i --save-dev @types/jest` or `npm i --save-dev @types/mocha` and then add 'jest' or 'mocha' to the types field in your tsconfig.
src/components/Loading/SkeletonLoading.test.tsx(47,5): error TS2304: Cannot find name 'expect'.
src/components/Loading/SkeletonLoading.test.tsx(48,5): error TS2304: Cannot find name 'expect'.
src/components/Loading/SkeletonLoading.tsx(1,16): error TS2305: Module '"antd"' has no exported member 'Skeleton'.
src/components/Loading/SkeletonLoading.tsx(1,26): error TS2305: Module '"antd"' has no exported member 'Space'.
src/components/Loading/SkeletonLoading.tsx(1,33): error TS2305: Module '"antd"' has no exported member 'Row'.
src/components/Loading/SkeletonLoading.tsx(1,38): error TS2305: Module '"antd"' has no exported member 'Col'.
src/components/Loading/SkeletonLoading.tsx(69,24): error TS2339: Property 'renderChartSkeleton' does not exist on type 'JSX.IntrinsicElements'.
src/components/Loading/SkeletonLoading.tsx(70,24): error TS2339: Property 'renderChartSkeleton' does not exist on type 'JSX.IntrinsicElements'.
src/components/Loading/SkeletonLoading.tsx(72,7): error TS2339: Property 'renderTableSkeleton' does not exist on type 'JSX.IntrinsicElements'.
src/components/Loading/SkeletonLoading.tsx(82,26): error TS2339: Property 'renderChartSkeleton' does not exist on type 'JSX.IntrinsicElements'.
src/components/Loading/SkeletonLoading.tsx(83,26): error TS2339: Property 'renderChartSkeleton' does not exist on type 'JSX.IntrinsicElements'.
src/components/Loading/SkeletonLoading.tsx(84,26): error TS2339: Property 'renderTableSkeleton' does not exist on type 'JSX.IntrinsicElements'.
src/components/PageHeader.tsx(2,10): error TS2305: Module '"antd"' has no exported member 'Typography'.
src/components/PageHeader.tsx(2,22): error TS2305: Module '"antd"' has no exported member 'Button'.
src/components/PageHeader.tsx(2,30): error TS2305: Module '"antd"' has no exported member 'Space'.
src/components/PageHeader.tsx(3,15): error TS2305: Module '"antd"' has no exported member 'TypographyProps'.
src/components/ProLayout.tsx(5,10): error TS2305: Module '"antd"' has no exported member 'Dropdown'.
src/components/ProLayout.tsx(5,20): error TS2305: Module '"antd"' has no exported member 'Avatar'.
src/components/ProLayout.tsx(6,15): error TS2305: Module '"antd"' has no exported member 'MenuProps'.
src/components/ReactInitializationErrorBoundary.tsx(190,25): error TS2339: Property 'memory' does not exist on type 'Performance'.
src/components/ReactInitializationErrorBoundary.tsx(192,31): error TS2339: Property 'memory' does not exist on type 'Performance'.
src/components/ReactInitializationErrorBoundary.tsx(193,32): error TS2339: Property 'memory' does not exist on type 'Performance'.
src/components/ReactInitializationErrorBoundary.tsx(194,32): error TS2339: Property 'memory' does not exist on type 'Performance'.
src/components/ResponsiveWrapper.tsx(2,10): error TS2305: Module '"antd"' has no exported member 'Row'.
src/components/ResponsiveWrapper.tsx(2,15): error TS2305: Module '"antd"' has no exported member 'Col'.
src/components/RouteGuard.tsx(3,18): error TS2305: Module '"antd"' has no exported member 'Button'.
src/components/RouteRenderer.tsx(3,10): error TS2305: Module '"antd"' has no exported member 'Spin'.
src/components/StatisticsRow.tsx(2,10): error TS2305: Module '"antd"' has no exported member 'Row'.
src/components/StatisticsRow.tsx(2,15): error TS2305: Module '"antd"' has no exported member 'Col'.
src/components/StatisticsRow.tsx(2,20): error TS2305: Module '"antd"' has no exported member 'Statistic'.
src/components/StatisticsRow.tsx(3,15): error TS2305: Module '"antd"' has no exported member 'StatisticProps'.
src/components/StudentHistoryChart.tsx(3,16): error TS2305: Module '"antd"' has no exported member 'Row'.
src/components/StudentHistoryChart.tsx(3,21): error TS2305: Module '"antd"' has no exported member 'Col'.
src/components/StudentHistoryChart.tsx(3,26): error TS2305: Module '"antd"' has no exported member 'Statistic'.
src/components/StudentHistoryChart.tsx(3,37): error TS2305: Module '"antd"' has no exported member 'Alert'.
src/components/StudentHistoryChart.tsx(3,44): error TS2305: Module '"antd"' has no exported member 'Tag'.
src/components/StudentHistoryChart.tsx(116,31): error TS2769: No overload matches this call.
  Overload 1 of 2, '(props: CardProps, context?: any): string | number | bigint | boolean | ReactElement<unknown, string | JSXElementConstructor<any>> | Iterable<...> | Promise<...> | Component<...>', gave the following error.
    Type '{ children: Element; size: string; }' is not assignable to type 'IntrinsicAttributes & CardProps'.
      Property 'size' does not exist on type 'IntrinsicAttributes & CardProps'.
  Overload 2 of 2, '(props: CardProps): string | number | bigint | boolean | ReactElement<unknown, string | JSXElementConstructor<any>> | Iterable<ReactNode> | Promise<...> | Component<...>', gave the following error.
    Type '{ children: Element; size: string; }' is not assignable to type 'IntrinsicAttributes & CardProps'.
      Property 'size' does not exist on type 'IntrinsicAttributes & CardProps'.
src/components/StudentHistoryChart.tsx(127,31): error TS2769: No overload matches this call.
  Overload 1 of 2, '(props: CardProps, context?: any): string | number | bigint | boolean | ReactElement<unknown, string | JSXElementConstructor<any>> | Iterable<...> | Promise<...> | Component<...>', gave the following error.
    Type '{ children: Element; size: string; }' is not assignable to type 'IntrinsicAttributes & CardProps'.
      Property 'size' does not exist on type 'IntrinsicAttributes & CardProps'.
  Overload 2 of 2, '(props: CardProps): string | number | bigint | boolean | ReactElement<unknown, string | JSXElementConstructor<any>> | Iterable<ReactNode> | Promise<...> | Component<...>', gave the following error.
    Type '{ children: Element; size: string; }' is not assignable to type 'IntrinsicAttributes & CardProps'.
      Property 'size' does not exist on type 'IntrinsicAttributes & CardProps'.
src/components/StudentHistoryChart.tsx(139,31): error TS2769: No overload matches this call.
  Overload 1 of 2, '(props: CardProps, context?: any): string | number | bigint | boolean | ReactElement<unknown, string | JSXElementConstructor<any>> | Iterable<...> | Promise<...> | Component<...>', gave the following error.
    Type '{ children: Element; size: string; }' is not assignable to type 'IntrinsicAttributes & CardProps'.
      Property 'size' does not exist on type 'IntrinsicAttributes & CardProps'.
  Overload 2 of 2, '(props: CardProps): string | number | bigint | boolean | ReactElement<unknown, string | JSXElementConstructor<any>> | Iterable<ReactNode> | Promise<...> | Component<...>', gave the following error.
    Type '{ children: Element; size: string; }' is not assignable to type 'IntrinsicAttributes & CardProps'.
      Property 'size' does not exist on type 'IntrinsicAttributes & CardProps'.
src/components/ThemeProvider.tsx(2,10): error TS2305: Module '"antd"' has no exported member 'ConfigProvider'.
src/config/feedback.ts(1,10): error TS2305: Module '"antd"' has no exported member 'message'.
src/config/feedback.ts(1,19): error TS2305: Module '"antd"' has no exported member 'notification'.
src/config/theme.ts(1,15): error TS2305: Module '"antd"' has no exported member 'ThemeConfig'.
src/config/theme.ts(2,10): error TS2305: Module '"antd"' has no exported member 'theme'.
src/hooks/useErrorHandler.ts(2,10): error TS2305: Module '"antd"' has no exported member 'message'.
src/hooks/useErrorHandler.ts(2,19): error TS2305: Module '"antd"' has no exported member 'notification'.
src/pages/AuditLogs.tsx(2,10): error TS2305: Module '"antd"' has no exported member 'Table'.
src/pages/AuditLogs.tsx(2,23): error TS2305: Module '"antd"' has no exported member 'Tag'.
src/pages/AuditLogs.tsx(2,28): error TS2305: Module '"antd"' has no exported member 'message'.
src/pages/ClassAnalysis.tsx(2,24): error TS2305: Module '"antd"' has no exported member 'Spin'.
src/pages/ClassAnalysis.tsx(2,30): error TS2305: Module '"antd"' has no exported member 'Typography'.
src/pages/ClassAnalysis.tsx(2,42): error TS2305: Module '"antd"' has no exported member 'Row'.
src/pages/ClassAnalysis.tsx(2,47): error TS2305: Module '"antd"' has no exported member 'Col'.
src/pages/ClassAnalysis.tsx(2,52): error TS2305: Module '"antd"' has no exported member 'Empty'.
src/pages/ClassAnalysis.tsx(2,59): error TS2305: Module '"antd"' has no exported member 'Tabs'.
src/pages/ClassAnalysis.tsx(2,65): error TS2305: Module '"antd"' has no exported member 'Statistic'.
src/pages/ClassAnalysis.tsx(2,76): error TS2305: Module '"antd"' has no exported member 'Space'.
src/pages/Classes.tsx(4,10): error TS2305: Module '"antd"' has no exported member 'Button'.
src/pages/Classes.tsx(4,18): error TS2305: Module '"antd"' has no exported member 'Space'.
src/pages/Classes.tsx(4,25): error TS2305: Module '"antd"' has no exported member 'Popconfirm'.
src/pages/Classes.tsx(4,37): error TS2305: Module '"antd"' has no exported member 'message'.
src/pages/Courses.tsx(4,10): error TS2305: Module '"antd"' has no exported member 'Button'.
src/pages/Courses.tsx(4,18): error TS2305: Module '"antd"' has no exported member 'Space'.
src/pages/Courses.tsx(4,25): error TS2305: Module '"antd"' has no exported member 'Popconfirm'.
src/pages/Courses.tsx(4,37): error TS2305: Module '"antd"' has no exported member 'message'.
src/pages/Exams.tsx(5,10): error TS2305: Module '"antd"' has no exported member 'Button'.
src/pages/Exams.tsx(5,18): error TS2305: Module '"antd"' has no exported member 'Space'.
src/pages/Exams.tsx(5,25): error TS2305: Module '"antd"' has no exported member 'Popconfirm'.
src/pages/Exams.tsx(5,37): error TS2305: Module '"antd"' has no exported member 'Tag'.
src/pages/Exams.tsx(5,42): error TS2305: Module '"antd"' has no exported member 'message'.
src/pages/Import.tsx(2,16): error TS2305: Module '"antd"' has no exported member 'Tabs'.
src/pages/Import.tsx(2,22): error TS2305: Module '"antd"' has no exported member 'Button'.
src/pages/Import.tsx(2,30): error TS2305: Module '"antd"' has no exported member 'Upload'.
src/pages/Import.tsx(2,38): error TS2305: Module '"antd"' has no exported member 'message'.
src/pages/Import.tsx(2,47): error TS2305: Module '"antd"' has no exported member 'Alert'.
src/pages/Import.tsx(2,54): error TS2305: Module '"antd"' has no exported member 'Table'.
src/pages/Import.tsx(2,69): error TS2305: Module '"antd"' has no exported member 'Form'.
src/pages/Import.tsx(2,75): error TS2305: Module '"antd"' has no exported member 'Steps'.
src/pages/Import.tsx(2,82): error TS2305: Module '"antd"' has no exported member 'Descriptions'.
src/pages/Import.tsx(2,96): error TS2305: Module '"antd"' has no exported member 'Collapse'.
src/pages/Import.tsx(2,106): error TS2305: Module '"antd"' has no exported member 'Tag'.
src/pages/Import.tsx(438,37): error TS2769: No overload matches this call.
  Overload 1 of 2, '(props: SelectProps, context?: any): string | number | bigint | boolean | ReactElement<unknown, string | JSXElementConstructor<any>> | Iterable<...> | Promise<...> | Component<...>', gave the following error.
    Type '{ style: { width: number; }; placeholder: string; value: string; onChange: Dispatch<SetStateAction<string>>; options: { label: any; value: any; }[]; }' is not assignable to type 'IntrinsicAttributes & SelectProps'.
      Property 'options' does not exist on type 'IntrinsicAttributes & SelectProps'.
  Overload 2 of 2, '(props: SelectProps): string | number | bigint | boolean | ReactElement<unknown, string | JSXElementConstructor<any>> | Iterable<...> | Promise<...> | Component<...>', gave the following error.
    Type '{ style: { width: number; }; placeholder: string; value: string; onChange: Dispatch<SetStateAction<string>>; options: { label: any; value: any; }[]; }' is not assignable to type 'IntrinsicAttributes & SelectProps'.
      Property 'options' does not exist on type 'IntrinsicAttributes & SelectProps'.
src/pages/Import.tsx(447,37): error TS2769: No overload matches this call.
  Overload 1 of 2, '(props: SelectProps, context?: any): string | number | bigint | boolean | ReactElement<unknown, string | JSXElementConstructor<any>> | Iterable<...> | Promise<...> | Component<...>', gave the following error.
    Type '{ style: { width: number; }; placeholder: string; value: string; onChange: Dispatch<SetStateAction<string>>; options: { label: any; value: any; }[]; }' is not assignable to type 'IntrinsicAttributes & SelectProps'.
      Property 'options' does not exist on type 'IntrinsicAttributes & SelectProps'.
  Overload 2 of 2, '(props: SelectProps): string | number | bigint | boolean | ReactElement<unknown, string | JSXElementConstructor<any>> | Iterable<...> | Promise<...> | Component<...>', gave the following error.
    Type '{ style: { width: number; }; placeholder: string; value: string; onChange: Dispatch<SetStateAction<string>>; options: { label: any; value: any; }[]; }' is not assignable to type 'IntrinsicAttributes & SelectProps'.
      Property 'options' does not exist on type 'IntrinsicAttributes & SelectProps'.
src/pages/Import.tsx(472,33): error TS2769: No overload matches this call.
  Overload 1 of 2, '(props: SelectProps, context?: any): string | number | bigint | boolean | ReactElement<unknown, string | JSXElementConstructor<any>> | Iterable<...> | Promise<...> | Component<...>', gave the following error.
    Type '{ style: { width: number; }; placeholder: string; value: string; onChange: Dispatch<SetStateAction<string>>; options: { label: any; value: any; }[]; }' is not assignable to type 'IntrinsicAttributes & SelectProps'.
      Property 'options' does not exist on type 'IntrinsicAttributes & SelectProps'.
  Overload 2 of 2, '(props: SelectProps): string | number | bigint | boolean | ReactElement<unknown, string | JSXElementConstructor<any>> | Iterable<...> | Promise<...> | Component<...>', gave the following error.
    Type '{ style: { width: number; }; placeholder: string; value: string; onChange: Dispatch<SetStateAction<string>>; options: { label: any; value: any; }[]; }' is not assignable to type 'IntrinsicAttributes & SelectProps'.
      Property 'options' does not exist on type 'IntrinsicAttributes & SelectProps'.
src/pages/ManagementAlerts.tsx(2,24): error TS2305: Module '"antd"' has no exported member 'Row'.
src/pages/ManagementAlerts.tsx(2,29): error TS2305: Module '"antd"' has no exported member 'Col'.
src/pages/ManagementAlerts.tsx(2,34): error TS2305: Module '"antd"' has no exported member 'Empty'.
src/pages/ManagementAlerts.tsx(2,41): error TS2305: Module '"antd"' has no exported member 'Tag'.
src/pages/ManagementAlerts.tsx(2,46): error TS2305: Module '"antd"' has no exported member 'List'.
src/pages/ManagementAlerts.tsx(2,52): error TS2305: Module '"antd"' has no exported member 'Button'.
src/pages/ManagementAlerts.tsx(2,60): error TS2305: Module '"antd"' has no exported member 'Space'.
src/pages/ManagementAlerts.tsx(2,67): error TS2305: Module '"antd"' has no exported member 'Typography'.
src/pages/ProDashboard.tsx(2,16): error TS2305: Module '"antd"' has no exported member 'Row'.
src/pages/ProDashboard.tsx(2,21): error TS2305: Module '"antd"' has no exported member 'Col'.
src/pages/ProDashboard.tsx(2,26): error TS2305: Module '"antd"' has no exported member 'Statistic'.
src/pages/ProDashboard.tsx(2,37): error TS2305: Module '"antd"' has no exported member 'Skeleton'.
src/pages/ProDashboard.tsx(2,47): error TS2305: Module '"antd"' has no exported member 'List'.
src/pages/ProDashboard.tsx(2,53): error TS2305: Module '"antd"' has no exported member 'Avatar'.
src/pages/ProDashboard.tsx(2,61): error TS2305: Module '"antd"' has no exported member 'Space'.
src/pages/ProDashboard.tsx(2,68): error TS2305: Module '"antd"' has no exported member 'Tag'.
src/pages/ProScoresList.tsx(2,24): error TS2305: Module '"antd"' has no exported member 'Row'.
src/pages/ProScoresList.tsx(2,29): error TS2305: Module '"antd"' has no exported member 'Col'.
src/pages/ProScoresList.tsx(2,34): error TS2305: Module '"antd"' has no exported member 'message'.
src/pages/ProScoresList.tsx(2,43): error TS2305: Module '"antd"' has no exported member 'Button'.
src/pages/ProScoresList.tsx(2,51): error TS2305: Module '"antd"' has no exported member 'Space'.
src/pages/ProScoresList.tsx(2,58): error TS2305: Module '"antd"' has no exported member 'Tag'.
src/pages/ProScoresList.tsx(189,29): error TS2769: No overload matches this call.
  Overload 1 of 2, '(props: SelectProps, context?: any): string | number | bigint | boolean | ReactElement<unknown, string | JSXElementConstructor<any>> | Iterable<...> | Promise<...> | Component<...>', gave the following error.
    Type '{ value: string; onChange: (val: any) => void; style: { width: string; }; placeholder: string; allowClear: true; options: { label: string; value: string; }[]; }' is not assignable to type 'IntrinsicAttributes & SelectProps'.
      Property 'options' does not exist on type 'IntrinsicAttributes & SelectProps'.
  Overload 2 of 2, '(props: SelectProps): string | number | bigint | boolean | ReactElement<unknown, string | JSXElementConstructor<any>> | Iterable<...> | Promise<...> | Component<...>', gave the following error.
    Type '{ value: string; onChange: (val: any) => void; style: { width: string; }; placeholder: string; allowClear: true; options: { label: string; value: string; }[]; }' is not assignable to type 'IntrinsicAttributes & SelectProps'.
      Property 'options' does not exist on type 'IntrinsicAttributes & SelectProps'.
src/pages/ProScoresList.tsx(202,29): error TS2769: No overload matches this call.
  Overload 1 of 2, '(props: SelectProps, context?: any): string | number | bigint | boolean | ReactElement<unknown, string | JSXElementConstructor<any>> | Iterable<...> | Promise<...> | Component<...>', gave the following error.
    Type '{ value: string; onChange: Dispatch<SetStateAction<string>>; style: { width: string; }; placeholder: string; allowClear: true; options: { label: string; value: string; }[]; }' is not assignable to type 'IntrinsicAttributes & SelectProps'.
      Property 'options' does not exist on type 'IntrinsicAttributes & SelectProps'.
  Overload 2 of 2, '(props: SelectProps): string | number | bigint | boolean | ReactElement<unknown, string | JSXElementConstructor<any>> | Iterable<...> | Promise<...> | Component<...>', gave the following error.
    Type '{ value: string; onChange: Dispatch<SetStateAction<string>>; style: { width: string; }; placeholder: string; allowClear: true; options: { label: string; value: string; }[]; }' is not assignable to type 'IntrinsicAttributes & SelectProps'.
      Property 'options' does not exist on type 'IntrinsicAttributes & SelectProps'.
src/pages/ProScoresList.tsx(215,29): error TS2769: No overload matches this call.
  Overload 1 of 2, '(props: SelectProps, context?: any): string | number | bigint | boolean | ReactElement<unknown, string | JSXElementConstructor<any>> | Iterable<...> | Promise<...> | Component<...>', gave the following error.
    Type '{ value: string; onChange: Dispatch<SetStateAction<string>>; style: { width: string; }; placeholder: string; allowClear: true; options: { label: string; value: string; }[]; }' is not assignable to type 'IntrinsicAttributes & SelectProps'.
      Property 'options' does not exist on type 'IntrinsicAttributes & SelectProps'.
  Overload 2 of 2, '(props: SelectProps): string | number | bigint | boolean | ReactElement<unknown, string | JSXElementConstructor<any>> | Iterable<...> | Promise<...> | Component<...>', gave the following error.
    Type '{ value: string; onChange: Dispatch<SetStateAction<string>>; style: { width: string; }; placeholder: string; allowClear: true; options: { label: string; value: string; }[]; }' is not assignable to type 'IntrinsicAttributes & SelectProps'.
      Property 'options' does not exist on type 'IntrinsicAttributes & SelectProps'.
src/pages/ScoresList.tsx(2,24): error TS2305: Module '"antd"' has no exported member 'Row'.
src/pages/ScoresList.tsx(2,29): error TS2305: Module '"antd"' has no exported member 'Col'.
src/pages/ScoresList.tsx(2,34): error TS2305: Module '"antd"' has no exported member 'message'.
src/pages/ScoresList.tsx(2,43): error TS2305: Module '"antd"' has no exported member 'Button'.
src/pages/StudentProfile.tsx(3,16): error TS2305: Module '"antd"' has no exported member 'Row'.
src/pages/StudentProfile.tsx(3,21): error TS2305: Module '"antd"' has no exported member 'Col'.
src/pages/StudentProfile.tsx(3,26): error TS2305: Module '"antd"' has no exported member 'Typography'.
src/pages/StudentProfile.tsx(3,38): error TS2305: Module '"antd"' has no exported member 'Table'.
src/pages/StudentProfile.tsx(3,45): error TS2305: Module '"antd"' has no exported member 'Tag'.
src/pages/StudentProfile.tsx(3,50): error TS2305: Module '"antd"' has no exported member 'message'.
src/pages/StudentProfile.tsx(3,59): error TS2305: Module '"antd"' has no exported member 'Button'.
src/pages/StudentProfile.tsx(3,67): error TS2305: Module '"antd"' has no exported member 'Empty'.
src/pages/StudentProfile.tsx(3,74): error TS2305: Module '"antd"' has no exported member 'Modal'.
src/pages/StudentProfile.tsx(3,81): error TS2305: Module '"antd"' has no exported member 'Input'.
src/pages/StudentProfile.tsx(3,88): error TS2305: Module '"antd"' has no exported member 'List'.
src/pages/StudentProfile.tsx(3,94): error TS2305: Module '"antd"' has no exported member 'Popconfirm'.
src/pages/StudentProfile.tsx(166,35): error TS2353: Object literal may only specify known properties, and 'title' does not exist in type 'StatItem'.
src/pages/StudentProfile.tsx(167,35): error TS2353: Object literal may only specify known properties, and 'title' does not exist in type 'StatItem'.
src/pages/StudentProfile.tsx(168,35): error TS2353: Object literal may only specify known properties, and 'title' does not exist in type 'StatItem'.
src/pages/StudentProfile.tsx(169,35): error TS2353: Object literal may only specify known properties, and 'title' does not exist in type 'StatItem'.
src/pages/StudentProfile.tsx(170,35): error TS2353: Object literal may only specify known properties, and 'title' does not exist in type 'StatItem'.
src/pages/StudentProfile.tsx(237,25): error TS2769: No overload matches this call.
  Overload 1 of 2, '(props: CardProps, context?: any): string | number | bigint | boolean | ReactElement<unknown, string | JSXElementConstructor<any>> | Iterable<...> | Promise<...> | Component<...>', gave the following error.
    Type '{ children: Element; title: Element; bordered: false; extra: Element; }' is not assignable to type 'IntrinsicAttributes & CardProps'.
      Property 'extra' does not exist on type 'IntrinsicAttributes & CardProps'.
  Overload 2 of 2, '(props: CardProps): string | number | bigint | boolean | ReactElement<unknown, string | JSXElementConstructor<any>> | Iterable<ReactNode> | Promise<...> | Component<...>', gave the following error.
    Type '{ children: Element; title: Element; bordered: false; extra: Element; }' is not assignable to type 'IntrinsicAttributes & CardProps'.
      Property 'extra' does not exist on type 'IntrinsicAttributes & CardProps'.
src/pages/Students.tsx(5,10): error TS2305: Module '"antd"' has no exported member 'Button'.
src/pages/Students.tsx(5,18): error TS2305: Module '"antd"' has no exported member 'Modal'.
src/pages/Students.tsx(5,25): error TS2305: Module '"antd"' has no exported member 'Space'.
src/pages/Students.tsx(5,32): error TS2305: Module '"antd"' has no exported member 'Popconfirm'.
src/pages/Students.tsx(5,44): error TS2305: Module '"antd"' has no exported member 'message'.
src/tests/functionality-verification.test.tsx(2,18): error TS2305: Module '"@testing-library/react"' has no exported member 'screen'.
src/tests/functionality-verification.test.tsx(2,26): error TS2305: Module '"@testing-library/react"' has no exported member 'fireEvent'.
src/tests/functionality-verification.test.tsx(2,37): error TS2305: Module '"@testing-library/react"' has no exported member 'waitFor'.
src/tests/functionality-verification.test.tsx(5,10): error TS2305: Module '"antd"' has no exported member 'ConfigProvider'.
src/tests/functionality-verification.test.tsx(172,51): error TS2345: Argument of type '{ id: number; name: string; grade: number; }[]' is not assignable to parameter of type 'Class[]'.
  Type '{ id: number; name: string; grade: number; }' is not assignable to type 'Class'.
    Types of property 'grade' are incompatible.
      Type 'number' is not assignable to type 'string'.
src/tests/functionality-verification.test.tsx(227,52): error TS2345: Argument of type '{ id: number; name: string; grade: number; }[]' is not assignable to parameter of type 'Course[]'.
  Type '{ id: number; name: string; grade: number; }' is not assignable to type 'Course'.
    Types of property 'grade' are incompatible.
      Type 'number' is not assignable to type 'string'.
src/tests/functionality-verification.test.tsx(246,75): error TS2322: Type 'number' is not assignable to type 'string'.
src/tests/functionality-verification.test.tsx(265,51): error TS2345: Argument of type '{ id: number; name: string; grade: number; }[]' is not assignable to parameter of type 'Class[]'.
  Type '{ id: number; name: string; grade: number; }' is not assignable to type 'Class'.
    Types of property 'grade' are incompatible.
      Type 'number' is not assignable to type 'string'.
src/tests/functionality-verification.test.tsx(284,77): error TS2322: Type 'number' is not assignable to type 'string'.
src/tests/functionality-verification.test.tsx(304,51): error TS2345: Argument of type '{ id: number; name: string; grade: number; }[]' is not assignable to parameter of type 'Class[]'.
  Type '{ id: number; name: string; grade: number; }' is not assignable to type 'Class'.
    Types of property 'grade' are incompatible.
      Type 'number' is not assignable to type 'string'.
src/tests/functionality-verification.test.tsx(305,52): error TS2345: Argument of type '{ id: number; name: string; grade: number; }[]' is not assignable to parameter of type 'Course[]'.
  Type '{ id: number; name: string; grade: number; }' is not assignable to type 'Course'.
    Types of property 'grade' are incompatible.
      Type 'number' is not assignable to type 'string'.
src/tests/functionality-verification.test.tsx(349,51): error TS2345: Argument of type '{ id: number; name: string; grade: number; }[]' is not assignable to parameter of type 'Class[]'.
  Type '{ id: number; name: string; grade: number; }' is not assignable to type 'Class'.
    Types of property 'grade' are incompatible.
      Type 'number' is not assignable to type 'string'.
src/tests/functionality-verification.test.tsx(351,60): error TS2345: Argument of type '{ average_score: number; pass_rate: number; excellent_rate: number; }' is not assignable to parameter of type 'Stats'.
  Property 'total_students' is missing in type '{ average_score: number; pass_rate: number; excellent_rate: number; }' but required in type 'Stats'.
src/tests/functionality-verification.test.tsx(354,9): error TS2739: Type '{ name: string; average_score: number; }' is missing the following properties from type 'TopStudent': id, student_number
src/tests/functionality-verification.test.tsx(355,9): error TS2739: Type '{ name: string; average_score: number; }' is missing the following properties from type 'TopStudent': id, student_number
src/tests/functionality-verification.test.tsx(396,51): error TS2345: Argument of type '{ id: number; name: string; grade: number; }[]' is not assignable to parameter of type 'Class[]'.
  Type '{ id: number; name: string; grade: number; }' is not assignable to type 'Class'.
    Types of property 'grade' are incompatible.
      Type 'number' is not assignable to type 'string'.
src/tests/functionality-verification.test.tsx(398,52): error TS2345: Argument of type '{ id: number; name: string; grade: number; }[]' is not assignable to parameter of type 'Course[]'.
  Type '{ id: number; name: string; grade: number; }' is not assignable to type 'Course'.
    Types of property 'grade' are incompatible.
      Type 'number' is not assignable to type 'string'.
src/tests/functionality-verification.test.tsx(436,51): error TS2345: Argument of type '{ id: number; name: string; grade: number; }[]' is not assignable to parameter of type 'Class[]'.
  Type '{ id: number; name: string; grade: number; }' is not assignable to type 'Class'.
    Types of property 'grade' are incompatible.
      Type 'number' is not assignable to type 'string'.
src/tests/functionality-verification.test.tsx(452,52): error TS2345: Argument of type '{ id: number; name: string; grade: number; }[]' is not assignable to parameter of type 'Course[]'.
  Type '{ id: number; name: string; grade: number; }' is not assignable to type 'Course'.
    Types of property 'grade' are incompatible.
      Type 'number' is not assignable to type 'string'.
src/tests/functionality-verification.test.tsx(470,51): error TS2345: Argument of type '{ id: number; name: string; grade: number; }[]' is not assignable to parameter of type 'Class[]'.
  Type '{ id: number; name: string; grade: number; }' is not assignable to type 'Class'.
    Types of property 'grade' are incompatible.
      Type 'number' is not assignable to type 'string'.
src/tests/functionality-verification.test.tsx(508,51): error TS2345: Argument of type '{ id: number; name: string; grade: number; }[]' is not assignable to parameter of type 'Class[]'.
  Type '{ id: number; name: string; grade: number; }' is not assignable to type 'Class'.
    Types of property 'grade' are incompatible.
      Type 'number' is not assignable to type 'string'.
src/tests/functionality-verification.test.tsx(524,51): error TS2345: Argument of type '{ id: number; name: string; grade: number; }[]' is not assignable to parameter of type 'Class[]'.
  Type '{ id: number; name: string; grade: number; }' is not assignable to type 'Class'.
    Types of property 'grade' are incompatible.
      Type 'number' is not assignable to type 'string'.
src/tests/functionality-verification.test.tsx(550,51): error TS2345: Argument of type '{ id: number; name: string; grade: number; }[]' is not assignable to parameter of type 'Class[]'.
  Type '{ id: number; name: string; grade: number; }' is not assignable to type 'Class'.
    Types of property 'grade' are incompatible.
      Type 'number' is not assignable to type 'string'.
src/tests/manual-functionality-verification.ts(80,33): error TS2345: Argument of type '{ name: string; grade: number; }' is not assignable to parameter of type 'Omit<Course, "id">'.
  Types of property 'grade' are incompatible.
    Type 'number' is not assignable to type 'string'.
src/tests/manual-functionality-verification.ts(101,32): error TS2345: Argument of type '{ name: string; grade: number; }' is not assignable to parameter of type 'Omit<Class, "id">'.
  Types of property 'grade' are incompatible.
    Type 'number' is not assignable to type 'string'.
src/tests/react-initialization-verification.test.ts(106,17): error TS2339: Property 'Button' does not exist on type '{ default: typeof import("antd"); Card: ComponentType<CardProps>; Select: ComponentType<SelectProps> & { Option: ComponentType<OptionProps>; }; Result: ComponentType<...>; }'.
src/tests/react-initialization-verification.test.ts(107,17): error TS2339: Property 'Form' does not exist on type '{ default: typeof import("antd"); Card: ComponentType<CardProps>; Select: ComponentType<SelectProps> & { Option: ComponentType<OptionProps>; }; Result: ComponentType<...>; }'.
src/tests/react-initialization-verification.test.ts(108,17): error TS2339: Property 'Input' does not exist on type '{ default: typeof import("antd"); Card: ComponentType<CardProps>; Select: ComponentType<SelectProps> & { Option: ComponentType<OptionProps>; }; Result: ComponentType<...>; }'.
src/tests/react-initialization-verification.test.ts(109,17): error TS2339: Property 'Table' does not exist on type '{ default: typeof import("antd"); Card: ComponentType<CardProps>; Select: ComponentType<SelectProps> & { Option: ComponentType<OptionProps>; }; Result: ComponentType<...>; }'.
src/tests/run-verification.test.ts(152,72): error TS2322: Type 'number' is not assignable to type 'string'.
src/tests/run-verification.test.ts(164,69): error TS2322: Type 'number' is not assignable to type 'string'.
src/tests/run-verification.test.ts(272,25): error TS2339: Property 'at_risk' does not exist on type 'FocusGroupResult'.
src/tests/run-verification.test.ts(273,25): error TS2339: Property 'improving' does not exist on type 'FocusGroupResult'.
src/tests/run-verification.test.ts(274,25): error TS2339: Property 'stable' does not exist on type 'FocusGroupResult'.
src/utils/diagnosticLogger.ts(187,18): error TS2686: 'React' refers to a UMD global, but the current file is a module. Consider adding an import instead.
src/utils/diagnosticLogger.ts(188,32): error TS2686: 'React' refers to a UMD global, but the current file is a module. Consider adding an import instead.
src/utils/diagnosticLogger.ts(195,25): error TS2339: Property 'memory' does not exist on type 'Performance'.
src/utils/diagnosticLogger.ts(197,31): error TS2339: Property 'memory' does not exist on type 'Performance'.
src/utils/diagnosticLogger.ts(198,32): error TS2339: Property 'memory' does not exist on type 'Performance'.
src/utils/diagnosticLogger.ts(199,32): error TS2339: Property 'memory' does not exist on type 'Performance'.
src/utils/diagnosticLogger.ts(371,28): error TS2686: 'React' refers to a UMD global, but the current file is a module. Consider adding an import instead.
src/utils/diagnosticLogger.ts(371,52): error TS2686: 'React' refers to a UMD global, but the current file is a module. Consider adding an import instead.
src/utils/diagnosticLogger.ts(389,25): error TS2339: Property 'memory' does not exist on type 'Performance'.
src/utils/diagnosticLogger.ts(391,31): error TS2339: Property 'memory' does not exist on type 'Performance'.
src/utils/diagnosticLogger.ts(392,32): error TS2339: Property 'memory' does not exist on type 'Performance'.
src/utils/diagnosticLogger.ts(393,32): error TS2339: Property 'memory' does not exist on type 'Performance'.
src/utils/lazyLoad.tsx(2,10): error TS2305: Module '"antd"' has no exported member 'Spin'.
src/utils/lazyLoad.tsx(136,12): error TS2322: Type '{ ref: ForwardedRef<any>; }' is not assignable to type 'T extends MemoExoticComponent<infer U extends ComponentType<any>> | LazyExoticComponent<infer U extends ComponentType<any>> ? ReactManagedAttributes<...> : ReactManagedAttributes<...>'.
src/utils/pro.test.ts(33,7): error TS2349: This expression is not callable.
  Type 'TaskContext<Test<object>> & TestContext' has no call signatures.
